<?xml version="1.0" encoding="UTF-8"?>
<testng-results skipped="0" failed="0" total="1" passed="1">
  <reporter-output>
  </reporter-output>
  <suite name="Default suite" duration-ms="29636" started-at="2018-03-21T22:49:42Z" finished-at="2018-03-21T22:50:12Z">
    <groups>
    </groups>
    <test name="Default test" duration-ms="29636" started-at="2018-03-21T22:49:42Z" finished-at="2018-03-21T22:50:12Z">
      <class name="com.usrdatatool.tests.SmokeTestSuiteRunner">
        <test-method status="PASS" signature="setUP()[pri:0, instance:com.usrdatatool.tests.SmokeTestSuiteRunner@1753acfe]" name="setUP" is-config="true" duration-ms="2278" started-at="2018-03-21T17:49:42Z" finished-at="2018-03-21T17:49:45Z">
          <reporter-output>
          </reporter-output>
        </test-method> <!-- setUP -->
        <test-method status="PASS" signature="smokeTest()[pri:0, instance:com.usrdatatool.tests.SmokeTestSuiteRunner@1753acfe]" name="smokeTest" duration-ms="12262" started-at="2018-03-21T17:49:45Z" finished-at="2018-03-21T17:49:57Z">
          <reporter-output>
          </reporter-output>
        </test-method> <!-- smokeTest -->
        <test-method status="PASS" signature="tearDown()[pri:0, instance:com.usrdatatool.tests.SmokeTestSuiteRunner@1753acfe]" name="tearDown" is-config="true" duration-ms="15081" started-at="2018-03-21T17:49:57Z" finished-at="2018-03-21T17:50:12Z">
          <reporter-output>
          </reporter-output>
        </test-method> <!-- tearDown -->
      </class> <!-- com.usrdatatool.tests.SmokeTestSuiteRunner -->
    </test> <!-- Default test -->
  </suite> <!-- Default suite -->
</testng-results>
